#! /usr/bin/vvp
:ivl_version "11.0 (stable)";
:ivl_delay_selection "TYPICAL";
:vpi_time_precision + 0;
:vpi_module "/usr/lib/x86_64-linux-gnu/ivl/system.vpi";
:vpi_module "/usr/lib/x86_64-linux-gnu/ivl/vhdl_sys.vpi";
:vpi_module "/usr/lib/x86_64-linux-gnu/ivl/vhdl_textio.vpi";
:vpi_module "/usr/lib/x86_64-linux-gnu/ivl/v2005_math.vpi";
:vpi_module "/usr/lib/x86_64-linux-gnu/ivl/va_math.vpi";
S_0x5589ef05de20 .scope module, "seq_circuit" "seq_circuit" 2 10;
 .timescale 0 0;
    .port_info 0 /INPUT 1 "C";
    .port_info 1 /INPUT 1 "clk";
    .port_info 2 /INPUT 1 "rst";
    .port_info 3 /OUTPUT 1 "Y";
L_0x7f4f9df470a8 .functor BUFT 1, C4<00000000000000000000000000000001>, C4<0>, C4<0>, C4<0>;
L_0x5589ef0be870 .functor AND 32, L_0x5589ef0be700, L_0x7f4f9df470a8, C4<11111111111111111111111111111111>, C4<11111111111111111111111111111111>;
L_0x7f4f9df47180 .functor BUFT 1, C4<00000000000000000000000000000001>, C4<0>, C4<0>, C4<0>;
L_0x5589ef0bedc0 .functor AND 32, L_0x5589ef0bec40, L_0x7f4f9df47180, C4<11111111111111111111111111111111>, C4<11111111111111111111111111111111>;
L_0x5589ef0beed0 .functor AND 32, L_0x5589ef0be870, L_0x5589ef0bedc0, C4<11111111111111111111111111111111>, C4<11111111111111111111111111111111>;
o0x7f4f9df90018 .functor BUFZ 1, C4<z>; HiZ drive
v0x5589ef05e040_0 .net "C", 0 0, o0x7f4f9df90018;  0 drivers
v0x5589ef0ad140_0 .net "Y", 0 0, L_0x5589ef0befe0;  1 drivers
v0x5589ef0ad200_0 .net *"_ivl_0", 31 0, L_0x5589ef0ae4e0;  1 drivers
v0x5589ef0ad2c0_0 .net/2u *"_ivl_10", 31 0, L_0x7f4f9df470a8;  1 drivers
v0x5589ef0ad3a0_0 .net *"_ivl_12", 31 0, L_0x5589ef0be870;  1 drivers
v0x5589ef0ad4d0_0 .net *"_ivl_14", 31 0, L_0x5589ef0be9b0;  1 drivers
L_0x7f4f9df470f0 .functor BUFT 1, C4<000000000000000000000000000000>, C4<0>, C4<0>, C4<0>;
v0x5589ef0ad5b0_0 .net *"_ivl_17", 29 0, L_0x7f4f9df470f0;  1 drivers
v0x5589ef0ad690_0 .net *"_ivl_18", 31 0, L_0x5589ef0bec40;  1 drivers
v0x5589ef0ad770_0 .net *"_ivl_20", 30 0, L_0x5589ef0beb00;  1 drivers
L_0x7f4f9df47138 .functor BUFT 1, C4<0>, C4<0>, C4<0>, C4<0>;
v0x5589ef0ad850_0 .net *"_ivl_22", 0 0, L_0x7f4f9df47138;  1 drivers
v0x5589ef0ad930_0 .net/2u *"_ivl_24", 31 0, L_0x7f4f9df47180;  1 drivers
v0x5589ef0ada10_0 .net *"_ivl_26", 31 0, L_0x5589ef0bedc0;  1 drivers
v0x5589ef0adaf0_0 .net *"_ivl_28", 31 0, L_0x5589ef0beed0;  1 drivers
L_0x7f4f9df47018 .functor BUFT 1, C4<000000000000000000000000000000>, C4<0>, C4<0>, C4<0>;
v0x5589ef0adbd0_0 .net *"_ivl_3", 29 0, L_0x7f4f9df47018;  1 drivers
v0x5589ef0adcb0_0 .net *"_ivl_4", 31 0, L_0x5589ef0be700;  1 drivers
v0x5589ef0add90_0 .net *"_ivl_6", 30 0, L_0x5589ef0be610;  1 drivers
L_0x7f4f9df47060 .functor BUFT 1, C4<0>, C4<0>, C4<0>, C4<0>;
v0x5589ef0ade70_0 .net *"_ivl_8", 0 0, L_0x7f4f9df47060;  1 drivers
o0x7f4f9df90348 .functor BUFZ 1, C4<z>; HiZ drive
v0x5589ef0ae060_0 .net "clk", 0 0, o0x7f4f9df90348;  0 drivers
v0x5589ef0ae120_0 .var "next_state", 1 0;
v0x5589ef0ae200_0 .var "now_state", 1 0;
o0x7f4f9df903d8 .functor BUFZ 1, C4<z>; HiZ drive
v0x5589ef0ae2e0_0 .net "rst", 0 0, o0x7f4f9df903d8;  0 drivers
v0x5589ef0ae3a0_0 .var "tag", 0 0;
E_0x5589ef096ea0 .event edge, v0x5589ef0ae200_0, v0x5589ef05e040_0;
E_0x5589ef096d00/0 .event negedge, v0x5589ef0ae2e0_0;
E_0x5589ef096d00/1 .event posedge, v0x5589ef0ae060_0;
E_0x5589ef096d00 .event/or E_0x5589ef096d00/0, E_0x5589ef096d00/1;
L_0x5589ef0ae4e0 .concat [ 2 30 0 0], v0x5589ef0ae120_0, L_0x7f4f9df47018;
L_0x5589ef0be610 .part L_0x5589ef0ae4e0, 1, 31;
L_0x5589ef0be700 .concat [ 31 1 0 0], L_0x5589ef0be610, L_0x7f4f9df47060;
L_0x5589ef0be9b0 .concat [ 2 30 0 0], v0x5589ef0ae200_0, L_0x7f4f9df470f0;
L_0x5589ef0beb00 .part L_0x5589ef0be9b0, 1, 31;
L_0x5589ef0bec40 .concat [ 31 1 0 0], L_0x5589ef0beb00, L_0x7f4f9df47138;
L_0x5589ef0befe0 .part L_0x5589ef0beed0, 0, 1;
    .scope S_0x5589ef05de20;
T_0 ;
    %pushi/vec4 0, 0, 1;
    %store/vec4 v0x5589ef0ae3a0_0, 0, 1;
    %end;
    .thread T_0;
    .scope S_0x5589ef05de20;
T_1 ;
    %wait E_0x5589ef096d00;
    %load/vec4 v0x5589ef0ae2e0_0;
    %flag_set/vec4 8;
    %jmp/0 T_1.0, 8;
    %load/vec4 v0x5589ef0ae120_0;
    %jmp/1 T_1.1, 8;
T_1.0 ; End of true expr.
    %pushi/vec4 0, 0, 2;
    %jmp/0 T_1.1, 8;
 ; End of false expr.
    %blend;
T_1.1;
    %assign/vec4 v0x5589ef0ae200_0, 0;
    %jmp T_1;
    .thread T_1;
    .scope S_0x5589ef05de20;
T_2 ;
    %wait E_0x5589ef096ea0;
    %load/vec4 v0x5589ef0ae200_0;
    %cmpi/e 0, 0, 2;
    %jmp/0xz  T_2.0, 4;
    %load/vec4 v0x5589ef05e040_0;
    %flag_set/vec4 8;
    %jmp/0 T_2.2, 8;
    %pushi/vec4 1, 0, 2;
    %jmp/1 T_2.3, 8;
T_2.2 ; End of true expr.
    %pushi/vec4 0, 0, 2;
    %jmp/0 T_2.3, 8;
 ; End of false expr.
    %blend;
T_2.3;
    %assign/vec4 v0x5589ef0ae120_0, 0;
T_2.0 ;
    %load/vec4 v0x5589ef0ae200_0;
    %cmpi/e 1, 0, 2;
    %jmp/0xz  T_2.4, 4;
    %load/vec4 v0x5589ef05e040_0;
    %flag_set/vec4 8;
    %jmp/0 T_2.6, 8;
    %pushi/vec4 1, 0, 2;
    %jmp/1 T_2.7, 8;
T_2.6 ; End of true expr.
    %pushi/vec4 3, 0, 2;
    %jmp/0 T_2.7, 8;
 ; End of false expr.
    %blend;
T_2.7;
    %assign/vec4 v0x5589ef0ae120_0, 0;
T_2.4 ;
    %load/vec4 v0x5589ef0ae200_0;
    %cmpi/e 2, 0, 2;
    %jmp/0xz  T_2.8, 4;
    %load/vec4 v0x5589ef05e040_0;
    %flag_set/vec4 8;
    %jmp/0 T_2.10, 8;
    %pushi/vec4 2, 0, 2;
    %jmp/1 T_2.11, 8;
T_2.10 ; End of true expr.
    %pushi/vec4 0, 0, 2;
    %jmp/0 T_2.11, 8;
 ; End of false expr.
    %blend;
T_2.11;
    %assign/vec4 v0x5589ef0ae120_0, 0;
T_2.8 ;
    %load/vec4 v0x5589ef0ae200_0;
    %cmpi/e 3, 0, 2;
    %jmp/0xz  T_2.12, 4;
    %load/vec4 v0x5589ef05e040_0;
    %flag_set/vec4 8;
    %jmp/0 T_2.14, 8;
    %pushi/vec4 2, 0, 2;
    %jmp/1 T_2.15, 8;
T_2.14 ; End of true expr.
    %pushi/vec4 3, 0, 2;
    %jmp/0 T_2.15, 8;
 ; End of false expr.
    %blend;
T_2.15;
    %assign/vec4 v0x5589ef0ae120_0, 0;
T_2.12 ;
    %jmp T_2;
    .thread T_2, $push;
# The file index is used to find the file name in the following table.
:file_names 3;
    "N/A";
    "<interactive>";
    "task5.v";
