#! /usr/bin/vvp
:ivl_version "11.0 (stable)";
:ivl_delay_selection "TYPICAL";
:vpi_time_precision + 0;
:vpi_module "/usr/lib/x86_64-linux-gnu/ivl/system.vpi";
:vpi_module "/usr/lib/x86_64-linux-gnu/ivl/vhdl_sys.vpi";
:vpi_module "/usr/lib/x86_64-linux-gnu/ivl/vhdl_textio.vpi";
:vpi_module "/usr/lib/x86_64-linux-gnu/ivl/v2005_math.vpi";
:vpi_module "/usr/lib/x86_64-linux-gnu/ivl/va_math.vpi";
S_0x563f1fd476c0 .scope module, "top_module" "top_module" 2 12;
 .timescale 0 0;
v0x563f1fd60a10_0 .var "clk", 0 0;
v0x563f1fd60ad0_0 .var "in", 0 0;
v0x563f1fd60ba0_0 .net "out", 0 0, L_0x563f1fd718b0;  1 drivers
v0x563f1fd60ca0_0 .var "rst", 0 0;
S_0x563f1fd47850 .scope module, "a" "seq_circuit" 2 18, 3 10 0, S_0x563f1fd476c0;
 .timescale 0 0;
    .port_info 0 /INPUT 1 "C";
    .port_info 1 /INPUT 1 "clk";
    .port_info 2 /INPUT 1 "rst";
    .port_info 3 /OUTPUT 1 "Y";
L_0x7fb34764e0a8 .functor BUFT 1, C4<00000000000000000000000000000001>, C4<0>, C4<0>, C4<0>;
L_0x563f1fd71140 .functor AND 32, L_0x563f1fd70fd0, L_0x7fb34764e0a8, C4<11111111111111111111111111111111>, C4<11111111111111111111111111111111>;
L_0x7fb34764e180 .functor BUFT 1, C4<00000000000000000000000000000001>, C4<0>, C4<0>, C4<0>;
L_0x563f1fd71690 .functor AND 32, L_0x563f1fd71510, L_0x7fb34764e180, C4<11111111111111111111111111111111>, C4<11111111111111111111111111111111>;
L_0x563f1fd717a0 .functor AND 32, L_0x563f1fd71140, L_0x563f1fd71690, C4<11111111111111111111111111111111>, C4<11111111111111111111111111111111>;
v0x563f1fd0acf0_0 .net "C", 0 0, v0x563f1fd60ad0_0;  1 drivers
v0x563f1fd5f750_0 .net "Y", 0 0, L_0x563f1fd718b0;  alias, 1 drivers
v0x563f1fd5f810_0 .net *"_ivl_0", 31 0, L_0x563f1fd60d70;  1 drivers
v0x563f1fd5f900_0 .net/2u *"_ivl_10", 31 0, L_0x7fb34764e0a8;  1 drivers
v0x563f1fd5f9e0_0 .net *"_ivl_12", 31 0, L_0x563f1fd71140;  1 drivers
v0x563f1fd5fb10_0 .net *"_ivl_14", 31 0, L_0x563f1fd71280;  1 drivers
L_0x7fb34764e0f0 .functor BUFT 1, C4<000000000000000000000000000000>, C4<0>, C4<0>, C4<0>;
v0x563f1fd5fbf0_0 .net *"_ivl_17", 29 0, L_0x7fb34764e0f0;  1 drivers
v0x563f1fd5fcd0_0 .net *"_ivl_18", 31 0, L_0x563f1fd71510;  1 drivers
v0x563f1fd5fdb0_0 .net *"_ivl_20", 30 0, L_0x563f1fd713d0;  1 drivers
L_0x7fb34764e138 .functor BUFT 1, C4<0>, C4<0>, C4<0>, C4<0>;
v0x563f1fd5fe90_0 .net *"_ivl_22", 0 0, L_0x7fb34764e138;  1 drivers
v0x563f1fd5ff70_0 .net/2u *"_ivl_24", 31 0, L_0x7fb34764e180;  1 drivers
v0x563f1fd60050_0 .net *"_ivl_26", 31 0, L_0x563f1fd71690;  1 drivers
v0x563f1fd60130_0 .net *"_ivl_28", 31 0, L_0x563f1fd717a0;  1 drivers
L_0x7fb34764e018 .functor BUFT 1, C4<000000000000000000000000000000>, C4<0>, C4<0>, C4<0>;
v0x563f1fd60210_0 .net *"_ivl_3", 29 0, L_0x7fb34764e018;  1 drivers
v0x563f1fd602f0_0 .net *"_ivl_4", 31 0, L_0x563f1fd70fd0;  1 drivers
v0x563f1fd603d0_0 .net *"_ivl_6", 30 0, L_0x563f1fd70ee0;  1 drivers
L_0x7fb34764e060 .functor BUFT 1, C4<0>, C4<0>, C4<0>, C4<0>;
v0x563f1fd604b0_0 .net *"_ivl_8", 0 0, L_0x7fb34764e060;  1 drivers
v0x563f1fd60590_0 .net "clk", 0 0, v0x563f1fd60a10_0;  1 drivers
v0x563f1fd60650_0 .var "next_state", 1 0;
v0x563f1fd60730_0 .var "now_state", 1 0;
v0x563f1fd60810_0 .net "rst", 0 0, v0x563f1fd60ca0_0;  1 drivers
v0x563f1fd608d0_0 .var "tag", 0 0;
E_0x563f1fd43d40 .event edge, v0x563f1fd60730_0, v0x563f1fd0acf0_0;
E_0x563f1fd0b7b0/0 .event negedge, v0x563f1fd60810_0;
E_0x563f1fd0b7b0/1 .event posedge, v0x563f1fd60590_0;
E_0x563f1fd0b7b0 .event/or E_0x563f1fd0b7b0/0, E_0x563f1fd0b7b0/1;
L_0x563f1fd60d70 .concat [ 2 30 0 0], v0x563f1fd60650_0, L_0x7fb34764e018;
L_0x563f1fd70ee0 .part L_0x563f1fd60d70, 1, 31;
L_0x563f1fd70fd0 .concat [ 31 1 0 0], L_0x563f1fd70ee0, L_0x7fb34764e060;
L_0x563f1fd71280 .concat [ 2 30 0 0], v0x563f1fd60730_0, L_0x7fb34764e0f0;
L_0x563f1fd713d0 .part L_0x563f1fd71280, 1, 31;
L_0x563f1fd71510 .concat [ 31 1 0 0], L_0x563f1fd713d0, L_0x7fb34764e138;
L_0x563f1fd718b0 .part L_0x563f1fd717a0, 0, 1;
    .scope S_0x563f1fd47850;
T_0 ;
    %pushi/vec4 0, 0, 1;
    %store/vec4 v0x563f1fd608d0_0, 0, 1;
    %end;
    .thread T_0;
    .scope S_0x563f1fd47850;
T_1 ;
    %wait E_0x563f1fd0b7b0;
    %load/vec4 v0x563f1fd60810_0;
    %flag_set/vec4 8;
    %jmp/0 T_1.0, 8;
    %load/vec4 v0x563f1fd60650_0;
    %jmp/1 T_1.1, 8;
T_1.0 ; End of true expr.
    %pushi/vec4 0, 0, 2;
    %jmp/0 T_1.1, 8;
 ; End of false expr.
    %blend;
T_1.1;
    %assign/vec4 v0x563f1fd60730_0, 0;
    %jmp T_1;
    .thread T_1;
    .scope S_0x563f1fd47850;
T_2 ;
    %wait E_0x563f1fd43d40;
    %load/vec4 v0x563f1fd60730_0;
    %cmpi/e 0, 0, 2;
    %jmp/0xz  T_2.0, 4;
    %load/vec4 v0x563f1fd0acf0_0;
    %flag_set/vec4 8;
    %jmp/0 T_2.2, 8;
    %pushi/vec4 1, 0, 2;
    %jmp/1 T_2.3, 8;
T_2.2 ; End of true expr.
    %pushi/vec4 0, 0, 2;
    %jmp/0 T_2.3, 8;
 ; End of false expr.
    %blend;
T_2.3;
    %assign/vec4 v0x563f1fd60650_0, 0;
T_2.0 ;
    %load/vec4 v0x563f1fd60730_0;
    %cmpi/e 1, 0, 2;
    %jmp/0xz  T_2.4, 4;
    %load/vec4 v0x563f1fd0acf0_0;
    %flag_set/vec4 8;
    %jmp/0 T_2.6, 8;
    %pushi/vec4 1, 0, 2;
    %jmp/1 T_2.7, 8;
T_2.6 ; End of true expr.
    %pushi/vec4 3, 0, 2;
    %jmp/0 T_2.7, 8;
 ; End of false expr.
    %blend;
T_2.7;
    %assign/vec4 v0x563f1fd60650_0, 0;
T_2.4 ;
    %load/vec4 v0x563f1fd60730_0;
    %cmpi/e 2, 0, 2;
    %jmp/0xz  T_2.8, 4;
    %load/vec4 v0x563f1fd0acf0_0;
    %flag_set/vec4 8;
    %jmp/0 T_2.10, 8;
    %pushi/vec4 2, 0, 2;
    %jmp/1 T_2.11, 8;
T_2.10 ; End of true expr.
    %pushi/vec4 0, 0, 2;
    %jmp/0 T_2.11, 8;
 ; End of false expr.
    %blend;
T_2.11;
    %assign/vec4 v0x563f1fd60650_0, 0;
T_2.8 ;
    %load/vec4 v0x563f1fd60730_0;
    %cmpi/e 3, 0, 2;
    %jmp/0xz  T_2.12, 4;
    %load/vec4 v0x563f1fd0acf0_0;
    %flag_set/vec4 8;
    %jmp/0 T_2.14, 8;
    %pushi/vec4 2, 0, 2;
    %jmp/1 T_2.15, 8;
T_2.14 ; End of true expr.
    %pushi/vec4 3, 0, 2;
    %jmp/0 T_2.15, 8;
 ; End of false expr.
    %blend;
T_2.15;
    %assign/vec4 v0x563f1fd60650_0, 0;
T_2.12 ;
    %jmp T_2;
    .thread T_2, $push;
    .scope S_0x563f1fd476c0;
T_3 ;
    %pushi/vec4 1, 0, 1;
    %store/vec4 v0x563f1fd60a10_0, 0, 1;
    %pushi/vec4 0, 0, 1;
    %store/vec4 v0x563f1fd60ca0_0, 0, 1;
    %pushi/vec4 0, 0, 1;
    %store/vec4 v0x563f1fd60ad0_0, 0, 1;
    %end;
    .thread T_3;
    .scope S_0x563f1fd476c0;
T_4 ;
    %delay 5, 0;
    %load/vec4 v0x563f1fd60a10_0;
    %inv;
    %store/vec4 v0x563f1fd60a10_0, 0, 1;
    %jmp T_4;
    .thread T_4;
    .scope S_0x563f1fd476c0;
T_5 ;
    %delay 5, 0;
    %pushi/vec4 1, 0, 1;
    %store/vec4 v0x563f1fd60ca0_0, 0, 1;
    %delay 10, 0;
    %pushi/vec4 1, 0, 1;
    %store/vec4 v0x563f1fd60ad0_0, 0, 1;
    %delay 10, 0;
    %pushi/vec4 0, 0, 1;
    %store/vec4 v0x563f1fd60ad0_0, 0, 1;
    %delay 10, 0;
    %pushi/vec4 1, 0, 1;
    %store/vec4 v0x563f1fd60ad0_0, 0, 1;
    %delay 10, 0;
    %pushi/vec4 0, 0, 1;
    %store/vec4 v0x563f1fd60ad0_0, 0, 1;
    %end;
    .thread T_5;
    .scope S_0x563f1fd476c0;
T_6 ;
    %delay 5, 0;
    %load/vec4 v0x563f1fd60a10_0;
    %flag_set/vec4 8;
    %jmp/0xz  T_6.0, 8;
    %vpi_call 2 34 "$display", v0x563f1fd60ba0_0 {0 0 0};
T_6.0 ;
    %jmp T_6;
    .thread T_6;
    .scope S_0x563f1fd476c0;
T_7 ;
    %delay 50, 0;
    %vpi_call 2 36 "$finish" {0 0 0};
    %end;
    .thread T_7;
    .scope S_0x563f1fd476c0;
T_8 ;
    %vpi_call 2 39 "$dumpfile", "wave.vcd" {0 0 0};
    %vpi_call 2 40 "$dumpvars", 32'sb00000000000000000000000000000000, S_0x563f1fd476c0 {0 0 0};
    %end;
    .thread T_8;
# The file index is used to find the file name in the following table.
:file_names 4;
    "N/A";
    "<interactive>";
    "task5_tb.v";
    "./task5.v";
