#! /usr/bin/vvp
:ivl_version "11.0 (stable)";
:ivl_delay_selection "TYPICAL";
:vpi_time_precision + 0;
:vpi_module "/usr/lib/x86_64-linux-gnu/ivl/system.vpi";
:vpi_module "/usr/lib/x86_64-linux-gnu/ivl/vhdl_sys.vpi";
:vpi_module "/usr/lib/x86_64-linux-gnu/ivl/vhdl_textio.vpi";
:vpi_module "/usr/lib/x86_64-linux-gnu/ivl/v2005_math.vpi";
:vpi_module "/usr/lib/x86_64-linux-gnu/ivl/va_math.vpi";
S_0x56426f9aed90 .scope module, "top_module" "top_module" 2 7;
 .timescale 0 0;
L_0x56426f9d4850 .functor BUFZ 1, v0x56426f9f8960_0, C4<0>, C4<0>, C4<0>;
v0x56426f9aef20_0 .net *"_ivl_2", 1 0, L_0x56426f9f8c60;  1 drivers
L_0x7f302c980018 .functor BUFT 1, C4<0>, C4<0>, C4<0>, C4<0>;
v0x56426f9f86e0_0 .net *"_ivl_5", 0 0, L_0x7f302c980018;  1 drivers
v0x56426f9f87c0_0 .net *"_ivl_6", 1 0, L_0x56426f9f8dd0;  1 drivers
L_0x7f302c980060 .functor BUFT 1, C4<0>, C4<0>, C4<0>, C4<0>;
v0x56426f9f8880_0 .net *"_ivl_9", 0 0, L_0x7f302c980060;  1 drivers
v0x56426f9f8960_0 .var "a", 0 0;
v0x56426f9f8a70_0 .net "b", 0 0, L_0x56426f9d4850;  1 drivers
v0x56426f9f8b30_0 .net "sum", 1 0, L_0x56426f9f8f30;  1 drivers
L_0x56426f9f8c60 .concat [ 1 1 0 0], v0x56426f9f8960_0, L_0x7f302c980018;
L_0x56426f9f8dd0 .concat [ 1 1 0 0], L_0x56426f9d4850, L_0x7f302c980060;
L_0x56426f9f8f30 .arith/sum 2, L_0x56426f9f8c60, L_0x56426f9f8dd0;
    .scope S_0x56426f9aed90;
T_0 ;
    %pushi/vec4 0, 0, 1;
    %store/vec4 v0x56426f9f8960_0, 0, 1;
    %end;
    .thread T_0;
    .scope S_0x56426f9aed90;
T_1 ;
    %pushi/vec4 0, 0, 1;
    %store/vec4 v0x56426f9f8960_0, 0, 1;
    %vpi_call 2 18 "$display", "b: ", v0x56426f9f8a70_0, " sum: ", v0x56426f9f8b30_0 {0 0 0};
    %delay 1, 0;
    %pushi/vec4 1, 0, 1;
    %store/vec4 v0x56426f9f8960_0, 0, 1;
    %vpi_call 2 21 "$display", "b: ", v0x56426f9f8a70_0, " sum: ", v0x56426f9f8b30_0 {0 0 0};
    %end;
    .thread T_1;
    .scope S_0x56426f9aed90;
T_2 ;
    %vpi_call 2 26 "$dumpfile", "wave.vcd" {0 0 0};
    %vpi_call 2 27 "$dumpvars", 32'sb00000000000000000000000000000000, S_0x56426f9aed90 {0 0 0};
    %end;
    .thread T_2;
# The file index is used to find the file name in the following table.
:file_names 3;
    "N/A";
    "<interactive>";
    "task1_tb.v";
