#! /usr/bin/vvp
:ivl_version "11.0 (stable)";
:ivl_delay_selection "TYPICAL";
:vpi_time_precision + 0;
:vpi_module "/usr/lib/x86_64-linux-gnu/ivl/system.vpi";
:vpi_module "/usr/lib/x86_64-linux-gnu/ivl/vhdl_sys.vpi";
:vpi_module "/usr/lib/x86_64-linux-gnu/ivl/vhdl_textio.vpi";
:vpi_module "/usr/lib/x86_64-linux-gnu/ivl/v2005_math.vpi";
:vpi_module "/usr/lib/x86_64-linux-gnu/ivl/va_math.vpi";
S_0x55c9b02f4d90 .scope module, "top_module" "top_module" 2 8;
 .timescale 0 0;
v0x55c9b02f67b0_0 .var "a", 1 0;
v0x55c9b02f6ba0_0 .var "b", 1 0;
v0x55c9b033ecc0_0 .var "c", 1 0;
v0x55c9b033ed80_0 .var "clk", 0 0;
E_0x55c9b032df40 .event posedge, v0x55c9b033ed80_0;
    .scope S_0x55c9b02f4d90;
T_0 ;
    %pushi/vec4 0, 0, 1;
    %store/vec4 v0x55c9b033ed80_0, 0, 1;
    %pushi/vec4 1, 0, 2;
    %store/vec4 v0x55c9b02f67b0_0, 0, 2;
    %pushi/vec4 2, 0, 2;
    %store/vec4 v0x55c9b02f6ba0_0, 0, 2;
    %pushi/vec4 3, 0, 2;
    %store/vec4 v0x55c9b033ecc0_0, 0, 2;
    %end;
    .thread T_0;
    .scope S_0x55c9b02f4d90;
T_1 ;
    %delay 5, 0;
    %load/vec4 v0x55c9b033ed80_0;
    %inv;
    %store/vec4 v0x55c9b033ed80_0, 0, 1;
    %jmp T_1;
    .thread T_1;
    .scope S_0x55c9b02f4d90;
T_2 ;
    %wait E_0x55c9b032df40;
    %load/vec4 v0x55c9b02f6ba0_0;
    %assign/vec4 v0x55c9b02f67b0_0, 0;
    %load/vec4 v0x55c9b033ecc0_0;
    %assign/vec4 v0x55c9b02f6ba0_0, 0;
    %load/vec4 v0x55c9b02f67b0_0;
    %assign/vec4 v0x55c9b033ecc0_0, 0;
    %jmp T_2;
    .thread T_2;
    .scope S_0x55c9b02f4d90;
T_3 ;
    %vpi_call 2 22 "$monitor", "a = %h, b = %h, c = %h", v0x55c9b02f67b0_0, v0x55c9b02f6ba0_0, v0x55c9b033ecc0_0 {0 0 0};
    %end;
    .thread T_3;
    .scope S_0x55c9b02f4d90;
T_4 ;
    %delay 30, 0;
    %vpi_call 2 24 "$finish" {0 0 0};
    %end;
    .thread T_4;
    .scope S_0x55c9b02f4d90;
T_5 ;
    %vpi_call 2 27 "$dumpfile", "wave.vcd" {0 0 0};
    %vpi_call 2 28 "$dumpvars", 32'sb00000000000000000000000000000000, S_0x55c9b02f4d90 {0 0 0};
    %end;
    .thread T_5;
# The file index is used to find the file name in the following table.
:file_names 3;
    "N/A";
    "<interactive>";
    "task2_tb.v";
