#! /usr/bin/vvp
:ivl_version "11.0 (stable)";
:ivl_delay_selection "TYPICAL";
:vpi_time_precision + 0;
:vpi_module "/usr/lib/x86_64-linux-gnu/ivl/system.vpi";
:vpi_module "/usr/lib/x86_64-linux-gnu/ivl/vhdl_sys.vpi";
:vpi_module "/usr/lib/x86_64-linux-gnu/ivl/vhdl_textio.vpi";
:vpi_module "/usr/lib/x86_64-linux-gnu/ivl/v2005_math.vpi";
:vpi_module "/usr/lib/x86_64-linux-gnu/ivl/va_math.vpi";
S_0x56370e2e1690 .scope module, "top_module" "top_module" 2 17;
 .timescale 0 0;
v0x56370e2f6f40_0 .var "clk", 0 0;
v0x56370e2f7000_0 .var "in", 0 0;
v0x56370e2f70d0_0 .net "out", 0 0, v0x56370e2f6b40_0;  1 drivers
v0x56370e2f71d0_0 .var "rst", 0 0;
S_0x56370e2e1820 .scope module, "a" "sequence_test" 2 23, 3 8 0, S_0x56370e2e1690;
 .timescale 0 0;
    .port_info 0 /INPUT 1 "clk";
    .port_info 1 /INPUT 1 "rst";
    .port_info 2 /INPUT 1 "data";
    .port_info 3 /OUTPUT 1 "flag";
v0x56370e2a6ba0_0 .net "clk", 0 0, v0x56370e2f6f40_0;  1 drivers
v0x56370e2f6a80_0 .net "data", 0 0, v0x56370e2f7000_0;  1 drivers
v0x56370e2f6b40_0 .var "flag", 0 0;
v0x56370e2f6c10_0 .net "rst", 0 0, v0x56370e2f71d0_0;  1 drivers
v0x56370e2f6cd0_0 .var "state", 2 0;
v0x56370e2f6e00_0 .var "suc", 0 0;
E_0x56370e2a5560/0 .event negedge, v0x56370e2f6c10_0;
E_0x56370e2a5560/1 .event posedge, v0x56370e2a6ba0_0;
E_0x56370e2a5560 .event/or E_0x56370e2a5560/0, E_0x56370e2a5560/1;
    .scope S_0x56370e2e1820;
T_0 ;
    %wait E_0x56370e2a5560;
    %load/vec4 v0x56370e2f6c10_0;
    %nor/r;
    %flag_set/vec4 8;
    %jmp/0xz  T_0.0, 8;
    %pushi/vec4 0, 0, 3;
    %assign/vec4 v0x56370e2f6cd0_0, 0;
    %pushi/vec4 0, 0, 1;
    %assign/vec4 v0x56370e2f6b40_0, 0;
    %pushi/vec4 0, 0, 1;
    %assign/vec4 v0x56370e2f6e00_0, 0;
    %jmp T_0.1;
T_0.0 ;
    %pushi/vec4 0, 0, 1;
    %store/vec4 v0x56370e2f6b40_0, 0, 1;
    %load/vec4 v0x56370e2f6cd0_0;
    %dup/vec4;
    %pushi/vec4 0, 0, 3;
    %cmp/u;
    %jmp/1 T_0.2, 6;
    %dup/vec4;
    %pushi/vec4 1, 0, 3;
    %cmp/u;
    %jmp/1 T_0.3, 6;
    %dup/vec4;
    %pushi/vec4 2, 0, 3;
    %cmp/u;
    %jmp/1 T_0.4, 6;
    %dup/vec4;
    %pushi/vec4 3, 0, 3;
    %cmp/u;
    %jmp/1 T_0.5, 6;
    %jmp T_0.6;
T_0.2 ;
    %load/vec4 v0x56370e2f6a80_0;
    %flag_set/vec4 8;
    %jmp/0 T_0.7, 8;
    %pushi/vec4 1, 0, 3;
    %jmp/1 T_0.8, 8;
T_0.7 ; End of true expr.
    %pushi/vec4 0, 0, 3;
    %jmp/0 T_0.8, 8;
 ; End of false expr.
    %blend;
T_0.8;
    %assign/vec4 v0x56370e2f6cd0_0, 0;
    %jmp T_0.6;
T_0.3 ;
    %load/vec4 v0x56370e2f6a80_0;
    %flag_set/vec4 8;
    %jmp/0 T_0.9, 8;
    %pushi/vec4 0, 0, 3;
    %jmp/1 T_0.10, 8;
T_0.9 ; End of true expr.
    %pushi/vec4 2, 0, 3;
    %jmp/0 T_0.10, 8;
 ; End of false expr.
    %blend;
T_0.10;
    %assign/vec4 v0x56370e2f6cd0_0, 0;
    %jmp T_0.6;
T_0.4 ;
    %load/vec4 v0x56370e2f6a80_0;
    %flag_set/vec4 8;
    %jmp/0 T_0.11, 8;
    %pushi/vec4 3, 0, 3;
    %jmp/1 T_0.12, 8;
T_0.11 ; End of true expr.
    %pushi/vec4 0, 0, 3;
    %jmp/0 T_0.12, 8;
 ; End of false expr.
    %blend;
T_0.12;
    %assign/vec4 v0x56370e2f6cd0_0, 0;
    %jmp T_0.6;
T_0.5 ;
    %load/vec4 v0x56370e2f6a80_0;
    %flag_set/vec4 8;
    %jmp/0xz  T_0.13, 8;
    %pushi/vec4 1, 0, 1;
    %assign/vec4 v0x56370e2f6e00_0, 0;
    %pushi/vec4 1, 0, 3;
    %assign/vec4 v0x56370e2f6cd0_0, 0;
    %jmp T_0.14;
T_0.13 ;
    %pushi/vec4 2, 0, 3;
    %assign/vec4 v0x56370e2f6cd0_0, 0;
T_0.14 ;
    %jmp T_0.6;
T_0.6 ;
    %pop/vec4 1;
    %load/vec4 v0x56370e2f6e00_0;
    %flag_set/vec4 8;
    %jmp/0xz  T_0.15, 8;
    %pushi/vec4 1, 0, 1;
    %assign/vec4 v0x56370e2f6b40_0, 0;
    %pushi/vec4 0, 0, 1;
    %assign/vec4 v0x56370e2f6e00_0, 0;
T_0.15 ;
T_0.1 ;
    %jmp T_0;
    .thread T_0;
    .scope S_0x56370e2e1690;
T_1 ;
    %pushi/vec4 1, 0, 1;
    %store/vec4 v0x56370e2f6f40_0, 0, 1;
    %pushi/vec4 0, 0, 1;
    %store/vec4 v0x56370e2f71d0_0, 0, 1;
    %pushi/vec4 0, 0, 1;
    %store/vec4 v0x56370e2f7000_0, 0, 1;
    %end;
    .thread T_1;
    .scope S_0x56370e2e1690;
T_2 ;
    %delay 5, 0;
    %load/vec4 v0x56370e2f6f40_0;
    %inv;
    %store/vec4 v0x56370e2f6f40_0, 0, 1;
    %jmp T_2;
    .thread T_2;
    .scope S_0x56370e2e1690;
T_3 ;
    %delay 5, 0;
    %pushi/vec4 1, 0, 1;
    %store/vec4 v0x56370e2f71d0_0, 0, 1;
    %pushi/vec4 1, 0, 1;
    %store/vec4 v0x56370e2f7000_0, 0, 1;
    %delay 10, 0;
    %pushi/vec4 0, 0, 1;
    %store/vec4 v0x56370e2f7000_0, 0, 1;
    %delay 10, 0;
    %pushi/vec4 1, 0, 1;
    %store/vec4 v0x56370e2f7000_0, 0, 1;
    %delay 10, 0;
    %pushi/vec4 1, 0, 1;
    %store/vec4 v0x56370e2f7000_0, 0, 1;
    %delay 10, 0;
    %pushi/vec4 0, 0, 1;
    %store/vec4 v0x56370e2f7000_0, 0, 1;
    %delay 10, 0;
    %pushi/vec4 1, 0, 1;
    %store/vec4 v0x56370e2f7000_0, 0, 1;
    %delay 10, 0;
    %pushi/vec4 1, 0, 1;
    %store/vec4 v0x56370e2f7000_0, 0, 1;
    %delay 10, 0;
    %pushi/vec4 1, 0, 1;
    %store/vec4 v0x56370e2f7000_0, 0, 1;
    %end;
    .thread T_3;
    .scope S_0x56370e2e1690;
T_4 ;
    %delay 5, 0;
    %load/vec4 v0x56370e2f6f40_0;
    %flag_set/vec4 8;
    %jmp/0xz  T_4.0, 8;
    %vpi_call 2 44 "$display", v0x56370e2f70d0_0 {0 0 0};
T_4.0 ;
    %jmp T_4;
    .thread T_4;
    .scope S_0x56370e2e1690;
T_5 ;
    %delay 100, 0;
    %vpi_call 2 46 "$finish" {0 0 0};
    %end;
    .thread T_5;
    .scope S_0x56370e2e1690;
T_6 ;
    %vpi_call 2 49 "$dumpfile", "wave.vcd" {0 0 0};
    %vpi_call 2 50 "$dumpvars", 32'sb00000000000000000000000000000000, S_0x56370e2e1690 {0 0 0};
    %end;
    .thread T_6;
# The file index is used to find the file name in the following table.
:file_names 4;
    "N/A";
    "<interactive>";
    "task6_tb.v";
    "./task6.v";
