#! /usr/bin/vvp
:ivl_version "11.0 (stable)";
:ivl_delay_selection "TYPICAL";
:vpi_time_precision + 0;
:vpi_module "/usr/lib/x86_64-linux-gnu/ivl/system.vpi";
:vpi_module "/usr/lib/x86_64-linux-gnu/ivl/vhdl_sys.vpi";
:vpi_module "/usr/lib/x86_64-linux-gnu/ivl/vhdl_textio.vpi";
:vpi_module "/usr/lib/x86_64-linux-gnu/ivl/v2005_math.vpi";
:vpi_module "/usr/lib/x86_64-linux-gnu/ivl/va_math.vpi";
S_0x55dfead30d90 .scope module, "Add" "Add" 2 8;
 .timescale 0 0;
    .port_info 0 /INPUT 32 "a";
    .port_info 1 /INPUT 32 "b";
    .port_info 2 /OUTPUT 32 "sum";
o0x7fce984c3018 .functor BUFZ 32, C4<zzzzzzzzzzzzzzzzzzzzzzzzzzzzzzzz>; HiZ drive
v0x55dfead32350_0 .net "a", 31 0, o0x7fce984c3018;  0 drivers
o0x7fce984c3048 .functor BUFZ 32, C4<zzzzzzzzzzzzzzzzzzzzzzzzzzzzzzzz>; HiZ drive
v0x55dfead327b0_0 .net "b", 31 0, o0x7fce984c3048;  0 drivers
v0x55dfead32ba0_0 .var "cin", 0 0;
v0x55dfead7bc70_0 .var "cout", 0 0;
v0x55dfead7bd30_0 .var/i "i", 31 0;
v0x55dfead7be60_0 .var "s", 0 0;
v0x55dfead7bf20_0 .var "sum", 31 0;
    .scope S_0x55dfead30d90;
T_0 ;
    %pushi/vec4 0, 0, 1;
    %store/vec4 v0x55dfead7be60_0, 0, 1;
    %pushi/vec4 0, 0, 1;
    %store/vec4 v0x55dfead32ba0_0, 0, 1;
    %pushi/vec4 0, 0, 1;
    %store/vec4 v0x55dfead7bc70_0, 0, 1;
    %end;
    .thread T_0;
    .scope S_0x55dfead30d90;
T_1 ;
    %delay 1, 0;
    %pushi/vec4 0, 0, 32;
    %store/vec4 v0x55dfead7bd30_0, 0, 32;
T_1.0 ;
    %load/vec4 v0x55dfead7bd30_0;
    %cmpi/s 32, 0, 32;
    %jmp/0xz T_1.1, 5;
    %load/vec4 v0x55dfead32350_0;
    %load/vec4 v0x55dfead7bd30_0;
    %part/s 1;
    %load/vec4 v0x55dfead327b0_0;
    %load/vec4 v0x55dfead7bd30_0;
    %part/s 1;
    %xor;
    %load/vec4 v0x55dfead32ba0_0;
    %xor;
    %store/vec4 v0x55dfead7be60_0, 0, 1;
    %load/vec4 v0x55dfead32350_0;
    %load/vec4 v0x55dfead7bd30_0;
    %part/s 1;
    %load/vec4 v0x55dfead327b0_0;
    %load/vec4 v0x55dfead7bd30_0;
    %part/s 1;
    %and;
    %load/vec4 v0x55dfead32350_0;
    %load/vec4 v0x55dfead7bd30_0;
    %part/s 1;
    %load/vec4 v0x55dfead32ba0_0;
    %and;
    %or;
    %load/vec4 v0x55dfead327b0_0;
    %load/vec4 v0x55dfead7bd30_0;
    %part/s 1;
    %load/vec4 v0x55dfead32ba0_0;
    %and;
    %or;
    %store/vec4 v0x55dfead7bc70_0, 0, 1;
    %load/vec4 v0x55dfead7bc70_0;
    %store/vec4 v0x55dfead32ba0_0, 0, 1;
    %load/vec4 v0x55dfead7be60_0;
    %ix/getv/s 4, v0x55dfead7bd30_0;
    %store/vec4 v0x55dfead7bf20_0, 4, 1;
    %load/vec4 v0x55dfead7bd30_0;
    %addi 1, 0, 32;
    %store/vec4 v0x55dfead7bd30_0, 0, 32;
    %jmp T_1.0;
T_1.1 ;
    %end;
    .thread T_1;
# The file index is used to find the file name in the following table.
:file_names 3;
    "N/A";
    "<interactive>";
    "task4.v";
