#! /usr/bin/vvp
:ivl_version "11.0 (stable)";
:ivl_delay_selection "TYPICAL";
:vpi_time_precision + 0;
:vpi_module "/usr/lib/x86_64-linux-gnu/ivl/system.vpi";
:vpi_module "/usr/lib/x86_64-linux-gnu/ivl/vhdl_sys.vpi";
:vpi_module "/usr/lib/x86_64-linux-gnu/ivl/vhdl_textio.vpi";
:vpi_module "/usr/lib/x86_64-linux-gnu/ivl/v2005_math.vpi";
:vpi_module "/usr/lib/x86_64-linux-gnu/ivl/va_math.vpi";
S_0x55f26d5b4cf0 .scope module, "top_module" "top_module" 2 8;
 .timescale 0 0;
v0x55f26d5c77c0_0 .var "in0", 31 0;
v0x55f26d5c7880_0 .var "in1", 31 0;
v0x55f26d5c7950_0 .net "sum", 31 0, v0x55f26d5c7660_0;  1 drivers
E_0x55f26d5b20a0 .event edge, v0x55f26d5c7660_0;
S_0x55f26d5b4ea0 .scope module, "a" "Add" 2 18, 3 8 0, S_0x55f26d5b4cf0;
 .timescale 0 0;
    .port_info 0 /INPUT 32 "a";
    .port_info 1 /INPUT 32 "b";
    .port_info 2 /OUTPUT 32 "sum";
v0x55f26d57a7b0_0 .net "a", 31 0, v0x55f26d5c77c0_0;  1 drivers
v0x55f26d57aba0_0 .net "b", 31 0, v0x55f26d5c7880_0;  1 drivers
v0x55f26d5c7310_0 .var "cin", 0 0;
v0x55f26d5c73b0_0 .var "cout", 0 0;
v0x55f26d5c7470_0 .var/i "i", 31 0;
v0x55f26d5c75a0_0 .var "s", 0 0;
v0x55f26d5c7660_0 .var "sum", 31 0;
    .scope S_0x55f26d5b4ea0;
T_0 ;
    %pushi/vec4 0, 0, 1;
    %store/vec4 v0x55f26d5c75a0_0, 0, 1;
    %pushi/vec4 0, 0, 1;
    %store/vec4 v0x55f26d5c7310_0, 0, 1;
    %pushi/vec4 0, 0, 1;
    %store/vec4 v0x55f26d5c73b0_0, 0, 1;
    %end;
    .thread T_0;
    .scope S_0x55f26d5b4ea0;
T_1 ;
    %pushi/vec4 0, 0, 32;
    %store/vec4 v0x55f26d5c7470_0, 0, 32;
T_1.0 ;
    %load/vec4 v0x55f26d5c7470_0;
    %cmpi/s 32, 0, 32;
    %jmp/0xz T_1.1, 5;
    %load/vec4 v0x55f26d57a7b0_0;
    %load/vec4 v0x55f26d5c7470_0;
    %part/s 1;
    %load/vec4 v0x55f26d57aba0_0;
    %load/vec4 v0x55f26d5c7470_0;
    %part/s 1;
    %xor;
    %load/vec4 v0x55f26d5c7310_0;
    %xor;
    %store/vec4 v0x55f26d5c75a0_0, 0, 1;
    %load/vec4 v0x55f26d57a7b0_0;
    %load/vec4 v0x55f26d5c7470_0;
    %part/s 1;
    %load/vec4 v0x55f26d57aba0_0;
    %load/vec4 v0x55f26d5c7470_0;
    %part/s 1;
    %and;
    %load/vec4 v0x55f26d57a7b0_0;
    %load/vec4 v0x55f26d5c7470_0;
    %part/s 1;
    %load/vec4 v0x55f26d5c7310_0;
    %and;
    %or;
    %load/vec4 v0x55f26d57aba0_0;
    %load/vec4 v0x55f26d5c7470_0;
    %part/s 1;
    %load/vec4 v0x55f26d5c7310_0;
    %and;
    %or;
    %store/vec4 v0x55f26d5c73b0_0, 0, 1;
    %load/vec4 v0x55f26d5c73b0_0;
    %store/vec4 v0x55f26d5c7310_0, 0, 1;
    %load/vec4 v0x55f26d5c75a0_0;
    %ix/getv/s 4, v0x55f26d5c7470_0;
    %store/vec4 v0x55f26d5c7660_0, 4, 1;
    %load/vec4 v0x55f26d5c7470_0;
    %addi 1, 0, 32;
    %store/vec4 v0x55f26d5c7470_0, 0, 32;
    %jmp T_1.0;
T_1.1 ;
    %end;
    .thread T_1;
    .scope S_0x55f26d5b4cf0;
T_2 ;
    %pushi/vec4 2, 0, 32;
    %cassign/vec4 v0x55f26d5c77c0_0;
    %pushi/vec4 1, 0, 32;
    %cassign/vec4 v0x55f26d5c7880_0;
    %end;
    .thread T_2;
    .scope S_0x55f26d5b4cf0;
T_3 ;
    %wait E_0x55f26d5b20a0;
    %vpi_call 2 25 "$display", "%b", v0x55f26d5c7950_0 {0 0 0};
    %jmp T_3;
    .thread T_3, $push;
    .scope S_0x55f26d5b4cf0;
T_4 ;
    %vpi_call 2 28 "$dumpfile", "wave.vcd" {0 0 0};
    %vpi_call 2 29 "$dumpvars", 32'sb00000000000000000000000000000000, S_0x55f26d5b4cf0 {0 0 0};
    %end;
    .thread T_4;
# The file index is used to find the file name in the following table.
:file_names 4;
    "N/A";
    "<interactive>";
    "task4_tb.v";
    "./task4.v";
